<?xml version="1.0" encoding="UTF-8"?>
<testsuite xmlns:xsi="http://www.w3.org/2001/XMLSchema-instance" xsi:noNamespaceSchemaLocation="https://maven.apache.org/surefire/maven-surefire-plugin/xsd/surefire-test-report-3.0.xsd" version="3.0" name="com.apigee.openapi.converter.ApigeeToOpenApiConverterTest" time="1.773" tests="16" errors="0" skipped="0" failures="0">
  <properties>
[...]
</properties>
  <testcase name="convertBundle_shouldExtractCorrectPaths" classname="com.apigee.openapi.converter.ApigeeToOpenApiConverterTest" time="1.161">
    <system-out><![CDATA[01:37:25.533 [main] INFO  c.a.o.c.ApigeeToOpenApiConverter - Starting conversion of: src\test\resources\sample-bundles\petstore
01:37:25.548 [main] INFO  c.a.o.converter.parser.BundleParser - Parsing Apigee bundle from directory: src\test\resources\sample-bundles\petstore
01:37:25.648 [main] INFO  c.a.o.converter.parser.BundleParser - Parsed bundle: ApigeeBundle{name='petstore', basePath='/v1', proxyEndpoints=1, targetEndpoints=1, policies=2}
01:37:25.656 [main] INFO  c.a.o.c.generator.OpenApiGenerator - Generating OpenAPI 3.0 specification for: petstore
01:37:25.676 [main] INFO  c.a.o.c.generator.OpenApiGenerator - Generated OpenAPI spec with 2 paths and 5 operations
01:37:25.676 [main] INFO  c.a.o.c.ApigeeToOpenApiConverter - Conversion completed in 148ms: 2 paths, 5 operations
]]></system-out>
  </testcase>
  <testcase name="convertAndSave_shouldWriteJsonWhenSpecified(Path)" classname="com.apigee.openapi.converter.ApigeeToOpenApiConverterTest" time="0.292">
    <system-out><![CDATA[01:37:25.855 [main] INFO  c.a.o.c.ApigeeToOpenApiConverter - Starting conversion of: src\test\resources\sample-bundles\petstore
01:37:25.857 [main] INFO  c.a.o.converter.parser.BundleParser - Parsing Apigee bundle from directory: src\test\resources\sample-bundles\petstore
01:37:25.858 [main] INFO  c.a.o.converter.parser.BundleParser - Parsed bundle: ApigeeBundle{name='petstore', basePath='/v1', proxyEndpoints=1, targetEndpoints=1, policies=2}
01:37:25.861 [main] INFO  c.a.o.c.generator.OpenApiGenerator - Generating OpenAPI 3.0 specification for: petstore
01:37:25.861 [main] INFO  c.a.o.c.generator.OpenApiGenerator - Generated OpenAPI spec with 2 paths and 5 operations
01:37:25.861 [main] INFO  c.a.o.c.ApigeeToOpenApiConverter - Conversion completed in 6ms: 2 paths, 5 operations
01:37:26.065 [main] INFO  c.a.o.converter.output.OpenApiWriter - Wrote OpenAPI specification to: C:\Users\DINITH~1\AppData\Local\Temp\junit103719747159428551\output.json
]]></system-out>
  </testcase>
  <testcase name="operations_shouldHaveResponses" classname="com.apigee.openapi.converter.ApigeeToOpenApiConverterTest" time="0.014">
    <system-out><![CDATA[01:37:26.083 [main] INFO  c.a.o.c.ApigeeToOpenApiConverter - Starting conversion of: src\test\resources\sample-bundles\petstore
01:37:26.083 [main] INFO  c.a.o.converter.parser.BundleParser - Parsing Apigee bundle from directory: src\test\resources\sample-bundles\petstore
01:37:26.090 [main] INFO  c.a.o.converter.parser.BundleParser - Parsed bundle: ApigeeBundle{name='petstore', basePath='/v1', proxyEndpoints=1, targetEndpoints=1, policies=2}
01:37:26.090 [main] INFO  c.a.o.c.generator.OpenApiGenerator - Generating OpenAPI 3.0 specification for: petstore
01:37:26.092 [main] INFO  c.a.o.c.generator.OpenApiGenerator - Generated OpenAPI spec with 2 paths and 5 operations
01:37:26.092 [main] INFO  c.a.o.c.ApigeeToOpenApiConverter - Conversion completed in 9ms: 2 paths, 5 operations
]]></system-out>
  </testcase>
  <testcase name="convertAndSave_shouldWriteToFile(Path)" classname="com.apigee.openapi.converter.ApigeeToOpenApiConverterTest" time="0.102">
    <system-out><![CDATA[01:37:26.100 [main] INFO  c.a.o.c.ApigeeToOpenApiConverter - Starting conversion of: src\test\resources\sample-bundles\petstore
01:37:26.100 [main] INFO  c.a.o.converter.parser.BundleParser - Parsing Apigee bundle from directory: src\test\resources\sample-bundles\petstore
01:37:26.105 [main] INFO  c.a.o.converter.parser.BundleParser - Parsed bundle: ApigeeBundle{name='petstore', basePath='/v1', proxyEndpoints=1, targetEndpoints=1, policies=2}
01:37:26.105 [main] INFO  c.a.o.c.generator.OpenApiGenerator - Generating OpenAPI 3.0 specification for: petstore
01:37:26.105 [main] INFO  c.a.o.c.generator.OpenApiGenerator - Generated OpenAPI spec with 2 paths and 5 operations
01:37:26.107 [main] INFO  c.a.o.c.ApigeeToOpenApiConverter - Conversion completed in 7ms: 2 paths, 5 operations
01:37:26.193 [main] INFO  c.a.o.converter.output.OpenApiWriter - Wrote OpenAPI specification to: C:\Users\DINITH~1\AppData\Local\Temp\junit9755998433697517882\output.yaml
]]></system-out>
  </testcase>
  <testcase name="parseBundle_shouldReturnValidBundle" classname="com.apigee.openapi.converter.ApigeeToOpenApiConverterTest" time="0.021">
    <system-out><![CDATA[01:37:26.199 [main] INFO  c.a.o.converter.parser.BundleParser - Parsing Apigee bundle from directory: src\test\resources\sample-bundles\petstore
01:37:26.205 [main] INFO  c.a.o.converter.parser.BundleParser - Parsed bundle: ApigeeBundle{name='petstore', basePath='/v1', proxyEndpoints=1, targetEndpoints=1, policies=2}
]]></system-out>
  </testcase>
  <testcase name="convertToString_shouldReturnJson" classname="com.apigee.openapi.converter.ApigeeToOpenApiConverterTest" time="0.012">
    <system-out><![CDATA[01:37:26.222 [main] INFO  c.a.o.c.ApigeeToOpenApiConverter - Starting conversion of: src\test\resources\sample-bundles\petstore
01:37:26.223 [main] INFO  c.a.o.converter.parser.BundleParser - Parsing Apigee bundle from directory: src\test\resources\sample-bundles\petstore
01:37:26.225 [main] INFO  c.a.o.converter.parser.BundleParser - Parsed bundle: ApigeeBundle{name='petstore', basePath='/v1', proxyEndpoints=1, targetEndpoints=1, policies=2}
01:37:26.225 [main] INFO  c.a.o.c.generator.OpenApiGenerator - Generating OpenAPI 3.0 specification for: petstore
01:37:26.225 [main] INFO  c.a.o.c.generator.OpenApiGenerator - Generated OpenAPI spec with 2 paths and 5 operations
01:37:26.225 [main] INFO  c.a.o.c.ApigeeToOpenApiConverter - Conversion completed in 3ms: 2 paths, 5 operations
]]></system-out>
  </testcase>
  <testcase name="convertToString_shouldReturnYaml" classname="com.apigee.openapi.converter.ApigeeToOpenApiConverterTest" time="0.016">
    <system-out><![CDATA[01:37:26.235 [main] INFO  c.a.o.c.ApigeeToOpenApiConverter - Starting conversion of: src\test\resources\sample-bundles\petstore
01:37:26.235 [main] INFO  c.a.o.converter.parser.BundleParser - Parsing Apigee bundle from directory: src\test\resources\sample-bundles\petstore
01:37:26.239 [main] INFO  c.a.o.converter.parser.BundleParser - Parsed bundle: ApigeeBundle{name='petstore', basePath='/v1', proxyEndpoints=1, targetEndpoints=1, policies=2}
01:37:26.239 [main] INFO  c.a.o.c.generator.OpenApiGenerator - Generating OpenAPI 3.0 specification for: petstore
01:37:26.239 [main] INFO  c.a.o.c.generator.OpenApiGenerator - Generated OpenAPI spec with 2 paths and 5 operations
01:37:26.239 [main] INFO  c.a.o.c.ApigeeToOpenApiConverter - Conversion completed in 4ms: 2 paths, 5 operations
]]></system-out>
  </testcase>
  <testcase name="convertBundle_shouldExtractSecuritySchemes" classname="com.apigee.openapi.converter.ApigeeToOpenApiConverterTest" time="0.009">
    <system-out><![CDATA[01:37:26.247 [main] INFO  c.a.o.c.ApigeeToOpenApiConverter - Starting conversion of: src\test\resources\sample-bundles\petstore
01:37:26.252 [main] INFO  c.a.o.converter.parser.BundleParser - Parsing Apigee bundle from directory: src\test\resources\sample-bundles\petstore
01:37:26.252 [main] INFO  c.a.o.converter.parser.BundleParser - Parsed bundle: ApigeeBundle{name='petstore', basePath='/v1', proxyEndpoints=1, targetEndpoints=1, policies=2}
01:37:26.252 [main] INFO  c.a.o.c.generator.OpenApiGenerator - Generating OpenAPI 3.0 specification for: petstore
01:37:26.256 [main] INFO  c.a.o.c.generator.OpenApiGenerator - Generated OpenAPI spec with 2 paths and 5 operations
01:37:26.256 [main] INFO  c.a.o.c.ApigeeToOpenApiConverter - Conversion completed in 9ms: 2 paths, 5 operations
]]></system-out>
  </testcase>
  <testcase name="convertBundle_shouldIncludeServers" classname="com.apigee.openapi.converter.ApigeeToOpenApiConverterTest" time="0.009">
    <system-out><![CDATA[01:37:26.261 [main] INFO  c.a.o.c.ApigeeToOpenApiConverter - Starting conversion of: src\test\resources\sample-bundles\petstore
01:37:26.261 [main] INFO  c.a.o.converter.parser.BundleParser - Parsing Apigee bundle from directory: src\test\resources\sample-bundles\petstore
01:37:26.265 [main] INFO  c.a.o.converter.parser.BundleParser - Parsed bundle: ApigeeBundle{name='petstore', basePath='/v1', proxyEndpoints=1, targetEndpoints=1, policies=2}
01:37:26.265 [main] INFO  c.a.o.c.generator.OpenApiGenerator - Generating OpenAPI 3.0 specification for: petstore
01:37:26.265 [main] INFO  c.a.o.c.generator.OpenApiGenerator - Generated OpenAPI spec with 2 paths and 5 operations
01:37:26.265 [main] INFO  c.a.o.c.ApigeeToOpenApiConverter - Conversion completed in 4ms: 2 paths, 5 operations
]]></system-out>
  </testcase>
  <testcase name="conversionResult_shouldIncludeConversionTime" classname="com.apigee.openapi.converter.ApigeeToOpenApiConverterTest" time="0.021">
    <system-out><![CDATA[01:37:26.274 [main] INFO  c.a.o.c.ApigeeToOpenApiConverter - Starting conversion of: src\test\resources\sample-bundles\petstore
01:37:26.274 [main] INFO  c.a.o.converter.parser.BundleParser - Parsing Apigee bundle from directory: src\test\resources\sample-bundles\petstore
01:37:26.274 [main] INFO  c.a.o.converter.parser.BundleParser - Parsed bundle: ApigeeBundle{name='petstore', basePath='/v1', proxyEndpoints=1, targetEndpoints=1, policies=2}
01:37:26.274 [main] INFO  c.a.o.c.generator.OpenApiGenerator - Generating OpenAPI 3.0 specification for: petstore
01:37:26.274 [main] INFO  c.a.o.c.generator.OpenApiGenerator - Generated OpenAPI spec with 2 paths and 5 operations
01:37:26.278 [main] INFO  c.a.o.c.ApigeeToOpenApiConverter - Conversion completed in 4ms: 2 paths, 5 operations
]]></system-out>
  </testcase>
  <testcase name="convertBundle_shouldSetCorrectOpenApiVersion" classname="com.apigee.openapi.converter.ApigeeToOpenApiConverterTest" time="0.008">
    <system-out><![CDATA[01:37:26.291 [main] INFO  c.a.o.c.ApigeeToOpenApiConverter - Starting conversion of: src\test\resources\sample-bundles\petstore
01:37:26.294 [main] INFO  c.a.o.converter.parser.BundleParser - Parsing Apigee bundle from directory: src\test\resources\sample-bundles\petstore
01:37:26.295 [main] INFO  c.a.o.converter.parser.BundleParser - Parsed bundle: ApigeeBundle{name='petstore', basePath='/v1', proxyEndpoints=1, targetEndpoints=1, policies=2}
01:37:26.295 [main] INFO  c.a.o.c.generator.OpenApiGenerator - Generating OpenAPI 3.0 specification for: petstore
01:37:26.297 [main] INFO  c.a.o.c.generator.OpenApiGenerator - Generated OpenAPI spec with 2 paths and 5 operations
01:37:26.297 [main] INFO  c.a.o.c.ApigeeToOpenApiConverter - Conversion completed in 6ms: 2 paths, 5 operations
]]></system-out>
  </testcase>
  <testcase name="pathParameters_shouldBeExtracted" classname="com.apigee.openapi.converter.ApigeeToOpenApiConverterTest" time="0.011">
    <system-out><![CDATA[01:37:26.303 [main] INFO  c.a.o.c.ApigeeToOpenApiConverter - Starting conversion of: src\test\resources\sample-bundles\petstore
01:37:26.303 [main] INFO  c.a.o.converter.parser.BundleParser - Parsing Apigee bundle from directory: src\test\resources\sample-bundles\petstore
01:37:26.305 [main] INFO  c.a.o.converter.parser.BundleParser - Parsed bundle: ApigeeBundle{name='petstore', basePath='/v1', proxyEndpoints=1, targetEndpoints=1, policies=2}
01:37:26.305 [main] INFO  c.a.o.c.generator.OpenApiGenerator - Generating OpenAPI 3.0 specification for: petstore
01:37:26.308 [main] INFO  c.a.o.c.generator.OpenApiGenerator - Generated OpenAPI spec with 2 paths and 5 operations
01:37:26.308 [main] INFO  c.a.o.c.ApigeeToOpenApiConverter - Conversion completed in 5ms: 2 paths, 5 operations
]]></system-out>
  </testcase>
  <testcase name="convertBasicBundle_shouldReturnValidResult" classname="com.apigee.openapi.converter.ApigeeToOpenApiConverterTest" time="0.012">
    <system-out><![CDATA[01:37:26.314 [main] INFO  c.a.o.c.ApigeeToOpenApiConverter - Starting conversion of: src\test\resources\sample-bundles\petstore
01:37:26.314 [main] INFO  c.a.o.converter.parser.BundleParser - Parsing Apigee bundle from directory: src\test\resources\sample-bundles\petstore
01:37:26.316 [main] INFO  c.a.o.converter.parser.BundleParser - Parsed bundle: ApigeeBundle{name='petstore', basePath='/v1', proxyEndpoints=1, targetEndpoints=1, policies=2}
01:37:26.316 [main] INFO  c.a.o.c.generator.OpenApiGenerator - Generating OpenAPI 3.0 specification for: petstore
01:37:26.318 [main] INFO  c.a.o.c.generator.OpenApiGenerator - Generated OpenAPI spec with 2 paths and 5 operations
01:37:26.318 [main] INFO  c.a.o.c.ApigeeToOpenApiConverter - Conversion completed in 4ms: 2 paths, 5 operations
]]></system-out>
  </testcase>
  <testcase name="operations_shouldHaveOperationIds" classname="com.apigee.openapi.converter.ApigeeToOpenApiConverterTest" time="0.01">
    <system-out><![CDATA[01:37:26.325 [main] INFO  c.a.o.c.ApigeeToOpenApiConverter - Starting conversion of: src\test\resources\sample-bundles\petstore
01:37:26.325 [main] INFO  c.a.o.converter.parser.BundleParser - Parsing Apigee bundle from directory: src\test\resources\sample-bundles\petstore
01:37:26.328 [main] INFO  c.a.o.converter.parser.BundleParser - Parsed bundle: ApigeeBundle{name='petstore', basePath='/v1', proxyEndpoints=1, targetEndpoints=1, policies=2}
01:37:26.328 [main] INFO  c.a.o.c.generator.OpenApiGenerator - Generating OpenAPI 3.0 specification for: petstore
01:37:26.328 [main] INFO  c.a.o.c.generator.OpenApiGenerator - Generated OpenAPI spec with 2 paths and 5 operations
01:37:26.328 [main] INFO  c.a.o.c.ApigeeToOpenApiConverter - Conversion completed in 3ms: 2 paths, 5 operations
]]></system-out>
  </testcase>
  <testcase name="convertWithCustomOptions_shouldApplyTitle" classname="com.apigee.openapi.converter.ApigeeToOpenApiConverterTest" time="0.008">
    <system-out><![CDATA[01:37:26.334 [main] INFO  c.a.o.c.ApigeeToOpenApiConverter - Starting conversion of: src\test\resources\sample-bundles\petstore
01:37:26.334 [main] INFO  c.a.o.converter.parser.BundleParser - Parsing Apigee bundle from directory: src\test\resources\sample-bundles\petstore
01:37:26.338 [main] INFO  c.a.o.converter.parser.BundleParser - Parsed bundle: ApigeeBundle{name='petstore', basePath='/v1', proxyEndpoints=1, targetEndpoints=1, policies=2}
01:37:26.338 [main] INFO  c.a.o.c.generator.OpenApiGenerator - Generating OpenAPI 3.0 specification for: petstore
01:37:26.338 [main] INFO  c.a.o.c.generator.OpenApiGenerator - Generated OpenAPI spec with 2 paths and 5 operations
01:37:26.338 [main] INFO  c.a.o.c.ApigeeToOpenApiConverter - Conversion completed in 4ms: 2 paths, 5 operations
]]></system-out>
  </testcase>
  <testcase name="convertBundle_shouldExtractHttpMethods" classname="com.apigee.openapi.converter.ApigeeToOpenApiConverterTest" time="0.008">
    <system-out><![CDATA[01:37:26.344 [main] INFO  c.a.o.c.ApigeeToOpenApiConverter - Starting conversion of: src\test\resources\sample-bundles\petstore
01:37:26.344 [main] INFO  c.a.o.converter.parser.BundleParser - Parsing Apigee bundle from directory: src\test\resources\sample-bundles\petstore
01:37:26.346 [main] INFO  c.a.o.converter.parser.BundleParser - Parsed bundle: ApigeeBundle{name='petstore', basePath='/v1', proxyEndpoints=1, targetEndpoints=1, policies=2}
01:37:26.346 [main] INFO  c.a.o.c.generator.OpenApiGenerator - Generating OpenAPI 3.0 specification for: petstore
01:37:26.346 [main] INFO  c.a.o.c.generator.OpenApiGenerator - Generated OpenAPI spec with 2 paths and 5 operations
01:37:26.346 [main] INFO  c.a.o.c.ApigeeToOpenApiConverter - Conversion completed in 2ms: 2 paths, 5 operations
]]></system-out>
  </testcase>
</testsuite>